<?xml version="1.0" encoding="UTF-8"?>
<!-- Generated by org.testng.reporters.JUnitXMLReporter -->
<testsuite ignored="0" hostname="DESKTOP-R5I3O4F" failures="0" tests="3" name="Default test" time="0.065" errors="0" timestamp="2022-09-14T17:56:33 IST">
  <testcase classname="testPackage.TestNG2" name="testA" time="0.007"/>
  <testcase classname="testPackage.TestNG2" name="testB" time="0.002"/>
  <testcase classname="testPackage.TestNG2" name="testC" time="0.002"/>
</testsuite> <!-- Default test -->
