<?xml version="1.0" encoding="UTF-8"?>
<testng-results ignored="0" total="3" passed="3" failed="0" skipped="0">
  <reporter-output>
  </reporter-output>
  <suite started-at="2022-09-14T17:56:32 IST" name="Default suite" finished-at="2022-09-14T17:56:33 IST" duration-ms="65">
    <groups>
    </groups>
    <test started-at="2022-09-14T17:56:32 IST" name="Default test" finished-at="2022-09-14T17:56:33 IST" duration-ms="65">
      <class name="testPackage.TestNG2">
        <test-method is-config="true" signature="beforeClass()[pri:0, instance:testPackage.TestNG2@62150f9e]" started-at="2022-09-14T17:56:32 IST" name="beforeClass" finished-at="2022-09-14T17:56:32 IST" duration-ms="9" status="PASS">
          <reporter-output>
          </reporter-output>
        </test-method> <!-- beforeClass -->
        <test-method is-config="true" signature="beforeMethod()[pri:0, instance:testPackage.TestNG2@62150f9e]" started-at="2022-09-14T17:56:32 IST" name="beforeMethod" finished-at="2022-09-14T17:56:32 IST" duration-ms="1" status="PASS">
          <reporter-output>
          </reporter-output>
        </test-method> <!-- beforeMethod -->
        <test-method signature="testA()[pri:0, instance:testPackage.TestNG2@62150f9e]" started-at="2022-09-14T17:56:32 IST" name="testA" finished-at="2022-09-14T17:56:32 IST" duration-ms="7" status="PASS">
          <reporter-output>
          </reporter-output>
        </test-method> <!-- testA -->
        <test-method is-config="true" signature="After()[pri:0, instance:testPackage.TestNG2@62150f9e]" started-at="2022-09-14T17:56:32 IST" name="After" finished-at="2022-09-14T17:56:32 IST" duration-ms="0" status="PASS">
          <reporter-output>
          </reporter-output>
        </test-method> <!-- After -->
        <test-method is-config="true" signature="beforeMethod()[pri:0, instance:testPackage.TestNG2@62150f9e]" started-at="2022-09-14T17:56:32 IST" name="beforeMethod" finished-at="2022-09-14T17:56:32 IST" duration-ms="1" status="PASS">
          <reporter-output>
          </reporter-output>
        </test-method> <!-- beforeMethod -->
        <test-method signature="testB()[pri:0, instance:testPackage.TestNG2@62150f9e]" started-at="2022-09-14T17:56:32 IST" name="testB" finished-at="2022-09-14T17:56:32 IST" duration-ms="2" status="PASS">
          <reporter-output>
          </reporter-output>
        </test-method> <!-- testB -->
        <test-method is-config="true" signature="After()[pri:0, instance:testPackage.TestNG2@62150f9e]" started-at="2022-09-14T17:56:32 IST" name="After" finished-at="2022-09-14T17:56:32 IST" duration-ms="1" status="PASS">
          <reporter-output>
          </reporter-output>
        </test-method> <!-- After -->
        <test-method is-config="true" signature="beforeMethod()[pri:0, instance:testPackage.TestNG2@62150f9e]" started-at="2022-09-14T17:56:32 IST" name="beforeMethod" finished-at="2022-09-14T17:56:32 IST" duration-ms="0" status="PASS">
          <reporter-output>
          </reporter-output>
        </test-method> <!-- beforeMethod -->
        <test-method signature="testC()[pri:1, instance:testPackage.TestNG2@62150f9e]" started-at="2022-09-14T17:56:32 IST" name="testC" finished-at="2022-09-14T17:56:32 IST" duration-ms="2" status="PASS">
          <reporter-output>
          </reporter-output>
        </test-method> <!-- testC -->
        <test-method is-config="true" signature="After()[pri:0, instance:testPackage.TestNG2@62150f9e]" started-at="2022-09-14T17:56:32 IST" name="After" finished-at="2022-09-14T17:56:32 IST" duration-ms="0" status="PASS">
          <reporter-output>
          </reporter-output>
        </test-method> <!-- After -->
        <test-method is-config="true" signature="AfterClass()[pri:0, instance:testPackage.TestNG2@62150f9e]" started-at="2022-09-14T17:56:33 IST" name="AfterClass" finished-at="2022-09-14T17:56:33 IST" duration-ms="1" status="PASS">
          <reporter-output>
          </reporter-output>
        </test-method> <!-- AfterClass -->
      </class> <!-- testPackage.TestNG2 -->
    </test> <!-- Default test -->
  </suite> <!-- Default suite -->
</testng-results>
